<?xml version="1.0" encoding="UTF-8"?>
<!-- Generated by org.testng.reporters.JUnitReportReporter -->
<testsuite skipped="0" hostname="CTSAUS-LT-373" name="appium.SampleTestCase" tests="1" failures="0" timestamp="31 May 2019 00:47:19 GMT" time="39.636" errors="0">
  <testcase name="sampleTest" time="39.636" classname="appium.SampleTestCase"/>
</testsuite> <!-- appium.SampleTestCase -->
